<?xml version="1.0" encoding="UTF-8"?>
<testng-results ignored="0" total="1" passed="1" failed="0" skipped="0">
  <reporter-output>
  </reporter-output>
  <suite started-at="2023-03-06T14:05:47 MYT" name="Default suite" finished-at="2023-03-06T14:05:49 MYT" duration-ms="1943">
    <groups>
    </groups>
    <test started-at="2023-03-06T14:05:47 MYT" name="Default test" finished-at="2023-03-06T14:05:49 MYT" duration-ms="1943">
      <class name="com.api.demo.ApiDemo">
        <test-method signature="getUserDetials2()[pri:0, instance:com.api.demo.ApiDemo@156b88f5]" started-at="2023-03-06T14:05:47 MYT" name="getUserDetials2" finished-at="2023-03-06T14:05:49 MYT" duration-ms="1911" status="PASS">
          <reporter-output>
          </reporter-output>
        </test-method> <!-- getUserDetials2 -->
      </class> <!-- com.api.demo.ApiDemo -->
    </test> <!-- Default test -->
  </suite> <!-- Default suite -->
</testng-results>
